Reading netlist file: "F:\@Tanuki_Bayashin\FPGA\TB4004\impl\gwsynthesis\TB4004.vg"
Parsing netlist file "F:\@Tanuki_Bayashin\FPGA\TB4004\impl\gwsynthesis\TB4004.vg" completed
Processing netlist completed
Reading constraint file: "F:\@Tanuki_Bayashin\FPGA\TB4004\src\TB4004.cst"
Physical Constraint parsed completed
Running placement......
[10%] Placement Phase 0 completed
[20%] Placement Phase 1 completed
[30%] Placement Phase 2 completed
[50%] Placement Phase 3 completed
Running routing......
[60%] Routing Phase 0 completed
[70%] Routing Phase 1 completed
[80%] Routing Phase 2 completed
WARN  (PR1014) : Generic routing resource will be used to clock signal 'clk_d' by the specified constraint. And then it may lead to the excessive delay or skew
[90%] Routing Phase 3 completed
Running timing analysis......
[95%] Timing analysis completed
Placement and routing completed
Bitstream generation in progress......
Bitstream generation completed
Running power analysis......
[100%] Power analysis completed
Generate file "F:\@Tanuki_Bayashin\FPGA\TB4004\impl\pnr\TB4004.power.html" completed
Generate file "F:\@Tanuki_Bayashin\FPGA\TB4004\impl\pnr\TB4004.pin.html" completed
Generate file "F:\@Tanuki_Bayashin\FPGA\TB4004\impl\pnr\TB4004.rpt.html" completed
Generate file "F:\@Tanuki_Bayashin\FPGA\TB4004\impl\pnr\TB4004.rpt.txt" completed
Generate file "F:\@Tanuki_Bayashin\FPGA\TB4004\impl\pnr\TB4004.tr.html" completed
Sun Aug 10 16:57:34 2025

